<?xml version="1.0" encoding="UTF-8"?>
<!-- Generated by org.testng.reporters.JUnitReportReporter -->
<testsuite name="sampleProject.verificationTest" tests="1" time="20.574" ignored="0" failures="0" timestamp="12 Sep 2019 14:28:47 GMT" skipped="0" hostname="LAPTOP-7PNVD7B6" errors="0">
  <testcase name="verify" time="20.574" classname="sampleProject.verificationTest"/>
</testsuite> <!-- sampleProject.verificationTest -->
