<?xml version="1.0" encoding="UTF-8"?>
<!-- Generated by org.testng.reporters.JUnitReportReporter -->
<testsuite name="sampleProject.navbarvalidity" tests="1" time="0.069" ignored="0" failures="0" timestamp="13 Sep 2019 08:31:06 GMT" skipped="0" hostname="LAPTOP-7PNVD7B6" errors="0">
  <testcase name="navbar" time="0.069" classname="sampleProject.navbarvalidity"/>
</testsuite> <!-- sampleProject.navbarvalidity -->
